Determining if the function res_servicename exists in the resolv failed with the following output:
Change Dir: /local/scylladb/Scylla-original/seastar/build/release/c-ares/CMakeFiles/CMakeTmp

Run Build Command:"/usr/bin/make" "cmTC_1d444/fast"
/usr/bin/make -f CMakeFiles/cmTC_1d444.dir/build.make CMakeFiles/cmTC_1d444.dir/build
make[1]: Entering directory '/local/scylladb/Scylla-original/seastar/build/release/c-ares/CMakeFiles/CMakeTmp'
Building C object CMakeFiles/cmTC_1d444.dir/CheckFunctionExists.c.o
/usr/bin/gcc    -DCHECK_FUNCTION_EXISTS=res_servicename   -o CMakeFiles/cmTC_1d444.dir/CheckFunctionExists.c.o   -c /usr/share/cmake-3.5/Modules/CheckFunctionExists.c
Linking C executable cmTC_1d444
/usr/bin/cmake -E cmake_link_script CMakeFiles/cmTC_1d444.dir/link.txt --verbose=1
/usr/bin/gcc   -DCHECK_FUNCTION_EXISTS=res_servicename    CMakeFiles/cmTC_1d444.dir/CheckFunctionExists.c.o  -o cmTC_1d444 -rdynamic -lresolv 
CMakeFiles/cmTC_1d444.dir/CheckFunctionExists.c.o: In function `main':
CheckFunctionExists.c:(.text+0x15): undefined reference to `res_servicename'
collect2: error: ld returned 1 exit status
CMakeFiles/cmTC_1d444.dir/build.make:97: recipe for target 'cmTC_1d444' failed
make[1]: *** [cmTC_1d444] Error 1
make[1]: Leaving directory '/local/scylladb/Scylla-original/seastar/build/release/c-ares/CMakeFiles/CMakeTmp'
Makefile:126: recipe for target 'cmTC_1d444/fast' failed
make: *** [cmTC_1d444/fast] Error 2


Determining if the function gethostbyname exists in the socket failed with the following output:
Change Dir: /local/scylladb/Scylla-original/seastar/build/release/c-ares/CMakeFiles/CMakeTmp

Run Build Command:"/usr/bin/make" "cmTC_12835/fast"
/usr/bin/make -f CMakeFiles/cmTC_12835.dir/build.make CMakeFiles/cmTC_12835.dir/build
make[1]: Entering directory '/local/scylladb/Scylla-original/seastar/build/release/c-ares/CMakeFiles/CMakeTmp'
Building C object CMakeFiles/cmTC_12835.dir/CheckFunctionExists.c.o
/usr/bin/gcc    -DCHECK_FUNCTION_EXISTS=gethostbyname   -o CMakeFiles/cmTC_12835.dir/CheckFunctionExists.c.o   -c /usr/share/cmake-3.5/Modules/CheckFunctionExists.c
Linking C executable cmTC_12835
/usr/bin/cmake -E cmake_link_script CMakeFiles/cmTC_12835.dir/link.txt --verbose=1
/usr/bin/gcc   -DCHECK_FUNCTION_EXISTS=gethostbyname    CMakeFiles/cmTC_12835.dir/CheckFunctionExists.c.o  -o cmTC_12835 -rdynamic -lsocket 
/usr/bin/ld: cannot find -lsocket
collect2: error: ld returned 1 exit status
CMakeFiles/cmTC_12835.dir/build.make:97: recipe for target 'cmTC_12835' failed
make[1]: *** [cmTC_12835] Error 1
make[1]: Leaving directory '/local/scylladb/Scylla-original/seastar/build/release/c-ares/CMakeFiles/CMakeTmp'
Makefile:126: recipe for target 'cmTC_12835/fast' failed
make: *** [cmTC_12835/fast] Error 2


Determining if files socket.h exist failed with the following output:
Change Dir: /local/scylladb/Scylla-original/seastar/build/release/c-ares/CMakeFiles/CMakeTmp

Run Build Command:"/usr/bin/make" "cmTC_3dace/fast"
/usr/bin/make -f CMakeFiles/cmTC_3dace.dir/build.make CMakeFiles/cmTC_3dace.dir/build
make[1]: Entering directory '/local/scylladb/Scylla-original/seastar/build/release/c-ares/CMakeFiles/CMakeTmp'
Building C object CMakeFiles/cmTC_3dace.dir/CheckIncludeFiles.c.o
/usr/bin/gcc     -o CMakeFiles/cmTC_3dace.dir/CheckIncludeFiles.c.o   -c /local/scylladb/Scylla-original/seastar/build/release/c-ares/CMakeFiles/CMakeTmp/CheckIncludeFiles.c
/local/scylladb/Scylla-original/seastar/build/release/c-ares/CMakeFiles/CMakeTmp/CheckIncludeFiles.c:2:20: fatal error: socket.h: No such file or directory
compilation terminated.
CMakeFiles/cmTC_3dace.dir/build.make:65: recipe for target 'CMakeFiles/cmTC_3dace.dir/CheckIncludeFiles.c.o' failed
make[1]: *** [CMakeFiles/cmTC_3dace.dir/CheckIncludeFiles.c.o] Error 1
make[1]: Leaving directory '/local/scylladb/Scylla-original/seastar/build/release/c-ares/CMakeFiles/CMakeTmp'
Makefile:126: recipe for target 'cmTC_3dace/fast' failed
make: *** [cmTC_3dace/fast] Error 2

Source:
/* */
#include <socket.h>


int main(void){return 0;}

Determining if files winsock2.h;windows.h exist failed with the following output:
Change Dir: /local/scylladb/Scylla-original/seastar/build/release/c-ares/CMakeFiles/CMakeTmp

Run Build Command:"/usr/bin/make" "cmTC_f3746/fast"
/usr/bin/make -f CMakeFiles/cmTC_f3746.dir/build.make CMakeFiles/cmTC_f3746.dir/build
make[1]: Entering directory '/local/scylladb/Scylla-original/seastar/build/release/c-ares/CMakeFiles/CMakeTmp'
Building C object CMakeFiles/cmTC_f3746.dir/CheckIncludeFiles.c.o
/usr/bin/gcc     -o CMakeFiles/cmTC_f3746.dir/CheckIncludeFiles.c.o   -c /local/scylladb/Scylla-original/seastar/build/release/c-ares/CMakeFiles/CMakeTmp/CheckIncludeFiles.c
/local/scylladb/Scylla-original/seastar/build/release/c-ares/CMakeFiles/CMakeTmp/CheckIncludeFiles.c:2:22: fatal error: winsock2.h: No such file or directory
compilation terminated.
CMakeFiles/cmTC_f3746.dir/build.make:65: recipe for target 'CMakeFiles/cmTC_f3746.dir/CheckIncludeFiles.c.o' failed
make[1]: *** [CMakeFiles/cmTC_f3746.dir/CheckIncludeFiles.c.o] Error 1
make[1]: Leaving directory '/local/scylladb/Scylla-original/seastar/build/release/c-ares/CMakeFiles/CMakeTmp'
Makefile:126: recipe for target 'cmTC_f3746/fast' failed
make: *** [cmTC_f3746/fast] Error 2

Source:
/* */
#include <winsock2.h>
#include <windows.h>


int main(void){return 0;}

Determining if files winsock2.h;ws2tcpip.h;windows.h exist failed with the following output:
Change Dir: /local/scylladb/Scylla-original/seastar/build/release/c-ares/CMakeFiles/CMakeTmp

Run Build Command:"/usr/bin/make" "cmTC_7c3c8/fast"
/usr/bin/make -f CMakeFiles/cmTC_7c3c8.dir/build.make CMakeFiles/cmTC_7c3c8.dir/build
make[1]: Entering directory '/local/scylladb/Scylla-original/seastar/build/release/c-ares/CMakeFiles/CMakeTmp'
Building C object CMakeFiles/cmTC_7c3c8.dir/CheckIncludeFiles.c.o
/usr/bin/gcc     -o CMakeFiles/cmTC_7c3c8.dir/CheckIncludeFiles.c.o   -c /local/scylladb/Scylla-original/seastar/build/release/c-ares/CMakeFiles/CMakeTmp/CheckIncludeFiles.c
/local/scylladb/Scylla-original/seastar/build/release/c-ares/CMakeFiles/CMakeTmp/CheckIncludeFiles.c:2:22: fatal error: winsock2.h: No such file or directory
compilation terminated.
CMakeFiles/cmTC_7c3c8.dir/build.make:65: recipe for target 'CMakeFiles/cmTC_7c3c8.dir/CheckIncludeFiles.c.o' failed
make[1]: *** [CMakeFiles/cmTC_7c3c8.dir/CheckIncludeFiles.c.o] Error 1
make[1]: Leaving directory '/local/scylladb/Scylla-original/seastar/build/release/c-ares/CMakeFiles/CMakeTmp'
Makefile:126: recipe for target 'cmTC_7c3c8/fast' failed
make: *** [cmTC_7c3c8/fast] Error 2

Source:
/* */
#include <winsock2.h>
#include <ws2tcpip.h>
#include <windows.h>


int main(void){return 0;}

Determining if files winsock.h;windows.h exist failed with the following output:
Change Dir: /local/scylladb/Scylla-original/seastar/build/release/c-ares/CMakeFiles/CMakeTmp

Run Build Command:"/usr/bin/make" "cmTC_d7b93/fast"
/usr/bin/make -f CMakeFiles/cmTC_d7b93.dir/build.make CMakeFiles/cmTC_d7b93.dir/build
make[1]: Entering directory '/local/scylladb/Scylla-original/seastar/build/release/c-ares/CMakeFiles/CMakeTmp'
Building C object CMakeFiles/cmTC_d7b93.dir/CheckIncludeFiles.c.o
/usr/bin/gcc     -o CMakeFiles/cmTC_d7b93.dir/CheckIncludeFiles.c.o   -c /local/scylladb/Scylla-original/seastar/build/release/c-ares/CMakeFiles/CMakeTmp/CheckIncludeFiles.c
/local/scylladb/Scylla-original/seastar/build/release/c-ares/CMakeFiles/CMakeTmp/CheckIncludeFiles.c:2:21: fatal error: winsock.h: No such file or directory
compilation terminated.
CMakeFiles/cmTC_d7b93.dir/build.make:65: recipe for target 'CMakeFiles/cmTC_d7b93.dir/CheckIncludeFiles.c.o' failed
make[1]: *** [CMakeFiles/cmTC_d7b93.dir/CheckIncludeFiles.c.o] Error 1
make[1]: Leaving directory '/local/scylladb/Scylla-original/seastar/build/release/c-ares/CMakeFiles/CMakeTmp'
Makefile:126: recipe for target 'cmTC_d7b93/fast' failed
make: *** [cmTC_d7b93/fast] Error 2

Source:
/* */
#include <winsock.h>
#include <windows.h>


int main(void){return 0;}

Determining if files windows.h exist failed with the following output:
Change Dir: /local/scylladb/Scylla-original/seastar/build/release/c-ares/CMakeFiles/CMakeTmp

Run Build Command:"/usr/bin/make" "cmTC_5c9cd/fast"
/usr/bin/make -f CMakeFiles/cmTC_5c9cd.dir/build.make CMakeFiles/cmTC_5c9cd.dir/build
make[1]: Entering directory '/local/scylladb/Scylla-original/seastar/build/release/c-ares/CMakeFiles/CMakeTmp'
Building C object CMakeFiles/cmTC_5c9cd.dir/CheckIncludeFiles.c.o
/usr/bin/gcc     -o CMakeFiles/cmTC_5c9cd.dir/CheckIncludeFiles.c.o   -c /local/scylladb/Scylla-original/seastar/build/release/c-ares/CMakeFiles/CMakeTmp/CheckIncludeFiles.c
/local/scylladb/Scylla-original/seastar/build/release/c-ares/CMakeFiles/CMakeTmp/CheckIncludeFiles.c:2:21: fatal error: windows.h: No such file or directory
compilation terminated.
CMakeFiles/cmTC_5c9cd.dir/build.make:65: recipe for target 'CMakeFiles/cmTC_5c9cd.dir/CheckIncludeFiles.c.o' failed
make[1]: *** [CMakeFiles/cmTC_5c9cd.dir/CheckIncludeFiles.c.o] Error 1
make[1]: Leaving directory '/local/scylladb/Scylla-original/seastar/build/release/c-ares/CMakeFiles/CMakeTmp'
Makefile:126: recipe for target 'cmTC_5c9cd/fast' failed
make: *** [cmTC_5c9cd/fast] Error 2

Source:
/* */
#include <windows.h>


int main(void){return 0;}

Performing C SOURCE FILE Test HAVE_TYPE_SOCKET failed with the following output:
Change Dir: /local/scylladb/Scylla-original/seastar/build/release/c-ares/CMakeFiles/CMakeTmp

Run Build Command:"/usr/bin/make" "cmTC_ff67f/fast"
/usr/bin/make -f CMakeFiles/cmTC_ff67f.dir/build.make CMakeFiles/cmTC_ff67f.dir/build
make[1]: Entering directory '/local/scylladb/Scylla-original/seastar/build/release/c-ares/CMakeFiles/CMakeTmp'
Building C object CMakeFiles/cmTC_ff67f.dir/src.c.o
/usr/bin/gcc  -D_GNU_SOURCE -D_POSIX_C_SOURCE=199309L -D_XOPEN_SOURCE=600  -DHAVE_TYPE_SOCKET   -o CMakeFiles/cmTC_ff67f.dir/src.c.o   -c /local/scylladb/Scylla-original/seastar/build/release/c-ares/CMakeFiles/CMakeTmp/src.c
/local/scylladb/Scylla-original/seastar/build/release/c-ares/CMakeFiles/CMakeTmp/src.c: In function 'main':
/local/scylladb/Scylla-original/seastar/build/release/c-ares/CMakeFiles/CMakeTmp/src.c:26:4: error: unknown type name 'SOCKET'
    SOCKET var_exists;
    ^
CMakeFiles/cmTC_ff67f.dir/build.make:65: recipe for target 'CMakeFiles/cmTC_ff67f.dir/src.c.o' failed
make[1]: *** [CMakeFiles/cmTC_ff67f.dir/src.c.o] Error 1
make[1]: Leaving directory '/local/scylladb/Scylla-original/seastar/build/release/c-ares/CMakeFiles/CMakeTmp'
Makefile:126: recipe for target 'cmTC_ff67f/fast' failed
make: *** [cmTC_ff67f/fast] Error 2

Source file was:

		#include <stdio.h>
		#include <stdlib.h>
	
		#include <stdbool.h>
		#include <sys/types.h>
		#include <arpa/inet.h>
		#include <arpa/nameser.h>
		#include <netdb.h>
		#include <net/if.h>
		#include <netinet/in.h>
		#include <netinet/tcp.h>
		#include <signal.h>
		#include <stdlib.h>
		#include <string.h>
		#include <strings.h>
		#include <sys/ioctl.h>
		#include <sys/select.h>
		#include <sys/socket.h>
		#include <sys/time.h>
		#include <sys/uio.h>
		#include <time.h>
		#include <fcntl.h>
		#include <unistd.h>
		int main() {
			SOCKET var_exists;
			return 0;
		}
	
Determining if the SO_NONBLOCK exist failed with the following output:
Change Dir: /local/scylladb/Scylla-original/seastar/build/release/c-ares/CMakeFiles/CMakeTmp

Run Build Command:"/usr/bin/make" "cmTC_6749c/fast"
/usr/bin/make -f CMakeFiles/cmTC_6749c.dir/build.make CMakeFiles/cmTC_6749c.dir/build
make[1]: Entering directory '/local/scylladb/Scylla-original/seastar/build/release/c-ares/CMakeFiles/CMakeTmp'
Building C object CMakeFiles/cmTC_6749c.dir/CheckSymbolExists.c.o
/usr/bin/gcc  -D_GNU_SOURCE -D_POSIX_C_SOURCE=199309L -D_XOPEN_SOURCE=600   -o CMakeFiles/cmTC_6749c.dir/CheckSymbolExists.c.o   -c /local/scylladb/Scylla-original/seastar/build/release/c-ares/CMakeFiles/CMakeTmp/CheckSymbolExists.c
/local/scylladb/Scylla-original/seastar/build/release/c-ares/CMakeFiles/CMakeTmp/CheckSymbolExists.c: In function 'main':
/local/scylladb/Scylla-original/seastar/build/release/c-ares/CMakeFiles/CMakeTmp/CheckSymbolExists.c:27:19: error: 'SO_NONBLOCK' undeclared (first use in this function)
   return ((int*)(&SO_NONBLOCK))[argc];
                   ^
/local/scylladb/Scylla-original/seastar/build/release/c-ares/CMakeFiles/CMakeTmp/CheckSymbolExists.c:27:19: note: each undeclared identifier is reported only once for each function it appears in
CMakeFiles/cmTC_6749c.dir/build.make:65: recipe for target 'CMakeFiles/cmTC_6749c.dir/CheckSymbolExists.c.o' failed
make[1]: *** [CMakeFiles/cmTC_6749c.dir/CheckSymbolExists.c.o] Error 1
make[1]: Leaving directory '/local/scylladb/Scylla-original/seastar/build/release/c-ares/CMakeFiles/CMakeTmp'
Makefile:126: recipe for target 'cmTC_6749c/fast' failed
make: *** [cmTC_6749c/fast] Error 2

File /local/scylladb/Scylla-original/seastar/build/release/c-ares/CMakeFiles/CMakeTmp/CheckSymbolExists.c:
/* */
#include <stdbool.h>
#include <sys/types.h>
#include <arpa/inet.h>
#include <arpa/nameser.h>
#include <netdb.h>
#include <net/if.h>
#include <netinet/in.h>
#include <netinet/tcp.h>
#include <signal.h>
#include <stdlib.h>
#include <string.h>
#include <strings.h>
#include <sys/ioctl.h>
#include <sys/select.h>
#include <sys/socket.h>
#include <sys/time.h>
#include <sys/uio.h>
#include <time.h>
#include <fcntl.h>
#include <unistd.h>

int main(int argc, char** argv)
{
  (void)argv;
#ifndef SO_NONBLOCK
  return ((int*)(&SO_NONBLOCK))[argc];
#else
  (void)argc;
  return 0;
#endif
}

Determining if the bitncmp exist failed with the following output:
Change Dir: /local/scylladb/Scylla-original/seastar/build/release/c-ares/CMakeFiles/CMakeTmp

Run Build Command:"/usr/bin/make" "cmTC_65da8/fast"
/usr/bin/make -f CMakeFiles/cmTC_65da8.dir/build.make CMakeFiles/cmTC_65da8.dir/build
make[1]: Entering directory '/local/scylladb/Scylla-original/seastar/build/release/c-ares/CMakeFiles/CMakeTmp'
Building C object CMakeFiles/cmTC_65da8.dir/CheckSymbolExists.c.o
/usr/bin/gcc  -D_GNU_SOURCE -D_POSIX_C_SOURCE=199309L -D_XOPEN_SOURCE=600   -o CMakeFiles/cmTC_65da8.dir/CheckSymbolExists.c.o   -c /local/scylladb/Scylla-original/seastar/build/release/c-ares/CMakeFiles/CMakeTmp/CheckSymbolExists.c
/local/scylladb/Scylla-original/seastar/build/release/c-ares/CMakeFiles/CMakeTmp/CheckSymbolExists.c: In function 'main':
/local/scylladb/Scylla-original/seastar/build/release/c-ares/CMakeFiles/CMakeTmp/CheckSymbolExists.c:27:19: error: 'bitncmp' undeclared (first use in this function)
   return ((int*)(&bitncmp))[argc];
                   ^
/local/scylladb/Scylla-original/seastar/build/release/c-ares/CMakeFiles/CMakeTmp/CheckSymbolExists.c:27:19: note: each undeclared identifier is reported only once for each function it appears in
CMakeFiles/cmTC_65da8.dir/build.make:65: recipe for target 'CMakeFiles/cmTC_65da8.dir/CheckSymbolExists.c.o' failed
make[1]: *** [CMakeFiles/cmTC_65da8.dir/CheckSymbolExists.c.o] Error 1
make[1]: Leaving directory '/local/scylladb/Scylla-original/seastar/build/release/c-ares/CMakeFiles/CMakeTmp'
Makefile:126: recipe for target 'cmTC_65da8/fast' failed
make: *** [cmTC_65da8/fast] Error 2

File /local/scylladb/Scylla-original/seastar/build/release/c-ares/CMakeFiles/CMakeTmp/CheckSymbolExists.c:
/* */
#include <stdbool.h>
#include <sys/types.h>
#include <arpa/inet.h>
#include <arpa/nameser.h>
#include <netdb.h>
#include <net/if.h>
#include <netinet/in.h>
#include <netinet/tcp.h>
#include <signal.h>
#include <stdlib.h>
#include <string.h>
#include <strings.h>
#include <sys/ioctl.h>
#include <sys/select.h>
#include <sys/socket.h>
#include <sys/time.h>
#include <sys/uio.h>
#include <time.h>
#include <fcntl.h>
#include <unistd.h>

int main(int argc, char** argv)
{
  (void)argv;
#ifndef bitncmp
  return ((int*)(&bitncmp))[argc];
#else
  (void)argc;
  return 0;
#endif
}

Determining if the closesocket exist failed with the following output:
Change Dir: /local/scylladb/Scylla-original/seastar/build/release/c-ares/CMakeFiles/CMakeTmp

Run Build Command:"/usr/bin/make" "cmTC_8cbc5/fast"
/usr/bin/make -f CMakeFiles/cmTC_8cbc5.dir/build.make CMakeFiles/cmTC_8cbc5.dir/build
make[1]: Entering directory '/local/scylladb/Scylla-original/seastar/build/release/c-ares/CMakeFiles/CMakeTmp'
Building C object CMakeFiles/cmTC_8cbc5.dir/CheckSymbolExists.c.o
/usr/bin/gcc  -D_GNU_SOURCE -D_POSIX_C_SOURCE=199309L -D_XOPEN_SOURCE=600   -o CMakeFiles/cmTC_8cbc5.dir/CheckSymbolExists.c.o   -c /local/scylladb/Scylla-original/seastar/build/release/c-ares/CMakeFiles/CMakeTmp/CheckSymbolExists.c
/local/scylladb/Scylla-original/seastar/build/release/c-ares/CMakeFiles/CMakeTmp/CheckSymbolExists.c: In function 'main':
/local/scylladb/Scylla-original/seastar/build/release/c-ares/CMakeFiles/CMakeTmp/CheckSymbolExists.c:27:19: error: 'closesocket' undeclared (first use in this function)
   return ((int*)(&closesocket))[argc];
                   ^
/local/scylladb/Scylla-original/seastar/build/release/c-ares/CMakeFiles/CMakeTmp/CheckSymbolExists.c:27:19: note: each undeclared identifier is reported only once for each function it appears in
CMakeFiles/cmTC_8cbc5.dir/build.make:65: recipe for target 'CMakeFiles/cmTC_8cbc5.dir/CheckSymbolExists.c.o' failed
make[1]: *** [CMakeFiles/cmTC_8cbc5.dir/CheckSymbolExists.c.o] Error 1
make[1]: Leaving directory '/local/scylladb/Scylla-original/seastar/build/release/c-ares/CMakeFiles/CMakeTmp'
Makefile:126: recipe for target 'cmTC_8cbc5/fast' failed
make: *** [cmTC_8cbc5/fast] Error 2

File /local/scylladb/Scylla-original/seastar/build/release/c-ares/CMakeFiles/CMakeTmp/CheckSymbolExists.c:
/* */
#include <stdbool.h>
#include <sys/types.h>
#include <arpa/inet.h>
#include <arpa/nameser.h>
#include <netdb.h>
#include <net/if.h>
#include <netinet/in.h>
#include <netinet/tcp.h>
#include <signal.h>
#include <stdlib.h>
#include <string.h>
#include <strings.h>
#include <sys/ioctl.h>
#include <sys/select.h>
#include <sys/socket.h>
#include <sys/time.h>
#include <sys/uio.h>
#include <time.h>
#include <fcntl.h>
#include <unistd.h>

int main(int argc, char** argv)
{
  (void)argv;
#ifndef closesocket
  return ((int*)(&closesocket))[argc];
#else
  (void)argc;
  return 0;
#endif
}

Determining if the CloseSocket exist failed with the following output:
Change Dir: /local/scylladb/Scylla-original/seastar/build/release/c-ares/CMakeFiles/CMakeTmp

Run Build Command:"/usr/bin/make" "cmTC_cf164/fast"
/usr/bin/make -f CMakeFiles/cmTC_cf164.dir/build.make CMakeFiles/cmTC_cf164.dir/build
make[1]: Entering directory '/local/scylladb/Scylla-original/seastar/build/release/c-ares/CMakeFiles/CMakeTmp'
Building C object CMakeFiles/cmTC_cf164.dir/CheckSymbolExists.c.o
/usr/bin/gcc  -D_GNU_SOURCE -D_POSIX_C_SOURCE=199309L -D_XOPEN_SOURCE=600   -o CMakeFiles/cmTC_cf164.dir/CheckSymbolExists.c.o   -c /local/scylladb/Scylla-original/seastar/build/release/c-ares/CMakeFiles/CMakeTmp/CheckSymbolExists.c
/local/scylladb/Scylla-original/seastar/build/release/c-ares/CMakeFiles/CMakeTmp/CheckSymbolExists.c: In function 'main':
/local/scylladb/Scylla-original/seastar/build/release/c-ares/CMakeFiles/CMakeTmp/CheckSymbolExists.c:27:19: error: 'CloseSocket' undeclared (first use in this function)
   return ((int*)(&CloseSocket))[argc];
                   ^
/local/scylladb/Scylla-original/seastar/build/release/c-ares/CMakeFiles/CMakeTmp/CheckSymbolExists.c:27:19: note: each undeclared identifier is reported only once for each function it appears in
CMakeFiles/cmTC_cf164.dir/build.make:65: recipe for target 'CMakeFiles/cmTC_cf164.dir/CheckSymbolExists.c.o' failed
make[1]: *** [CMakeFiles/cmTC_cf164.dir/CheckSymbolExists.c.o] Error 1
make[1]: Leaving directory '/local/scylladb/Scylla-original/seastar/build/release/c-ares/CMakeFiles/CMakeTmp'
Makefile:126: recipe for target 'cmTC_cf164/fast' failed
make: *** [cmTC_cf164/fast] Error 2

File /local/scylladb/Scylla-original/seastar/build/release/c-ares/CMakeFiles/CMakeTmp/CheckSymbolExists.c:
/* */
#include <stdbool.h>
#include <sys/types.h>
#include <arpa/inet.h>
#include <arpa/nameser.h>
#include <netdb.h>
#include <net/if.h>
#include <netinet/in.h>
#include <netinet/tcp.h>
#include <signal.h>
#include <stdlib.h>
#include <string.h>
#include <strings.h>
#include <sys/ioctl.h>
#include <sys/select.h>
#include <sys/socket.h>
#include <sys/time.h>
#include <sys/uio.h>
#include <time.h>
#include <fcntl.h>
#include <unistd.h>

int main(int argc, char** argv)
{
  (void)argv;
#ifndef CloseSocket
  return ((int*)(&CloseSocket))[argc];
#else
  (void)argc;
  return 0;
#endif
}

Determining if the inet_net_pton exist failed with the following output:
Change Dir: /local/scylladb/Scylla-original/seastar/build/release/c-ares/CMakeFiles/CMakeTmp

Run Build Command:"/usr/bin/make" "cmTC_cebb1/fast"
/usr/bin/make -f CMakeFiles/cmTC_cebb1.dir/build.make CMakeFiles/cmTC_cebb1.dir/build
make[1]: Entering directory '/local/scylladb/Scylla-original/seastar/build/release/c-ares/CMakeFiles/CMakeTmp'
Building C object CMakeFiles/cmTC_cebb1.dir/CheckSymbolExists.c.o
/usr/bin/gcc  -D_GNU_SOURCE -D_POSIX_C_SOURCE=199309L -D_XOPEN_SOURCE=600   -o CMakeFiles/cmTC_cebb1.dir/CheckSymbolExists.c.o   -c /local/scylladb/Scylla-original/seastar/build/release/c-ares/CMakeFiles/CMakeTmp/CheckSymbolExists.c
Linking C executable cmTC_cebb1
/usr/bin/cmake -E cmake_link_script CMakeFiles/cmTC_cebb1.dir/link.txt --verbose=1
/usr/bin/gcc       CMakeFiles/cmTC_cebb1.dir/CheckSymbolExists.c.o  -o cmTC_cebb1 -rdynamic -lnsl -lrt 
CMakeFiles/cmTC_cebb1.dir/CheckSymbolExists.c.o: In function `main':
CheckSymbolExists.c:(.text+0x16): undefined reference to `inet_net_pton'
collect2: error: ld returned 1 exit status
CMakeFiles/cmTC_cebb1.dir/build.make:97: recipe for target 'cmTC_cebb1' failed
make[1]: *** [cmTC_cebb1] Error 1
make[1]: Leaving directory '/local/scylladb/Scylla-original/seastar/build/release/c-ares/CMakeFiles/CMakeTmp'
Makefile:126: recipe for target 'cmTC_cebb1/fast' failed
make: *** [cmTC_cebb1/fast] Error 2

File /local/scylladb/Scylla-original/seastar/build/release/c-ares/CMakeFiles/CMakeTmp/CheckSymbolExists.c:
/* */
#include <stdbool.h>
#include <sys/types.h>
#include <arpa/inet.h>
#include <arpa/nameser.h>
#include <netdb.h>
#include <net/if.h>
#include <netinet/in.h>
#include <netinet/tcp.h>
#include <signal.h>
#include <stdlib.h>
#include <string.h>
#include <strings.h>
#include <sys/ioctl.h>
#include <sys/select.h>
#include <sys/socket.h>
#include <sys/time.h>
#include <sys/uio.h>
#include <time.h>
#include <fcntl.h>
#include <unistd.h>

int main(int argc, char** argv)
{
  (void)argv;
#ifndef inet_net_pton
  return ((int*)(&inet_net_pton))[argc];
#else
  (void)argc;
  return 0;
#endif
}

Determining if the ioctlsocket exist failed with the following output:
Change Dir: /local/scylladb/Scylla-original/seastar/build/release/c-ares/CMakeFiles/CMakeTmp

Run Build Command:"/usr/bin/make" "cmTC_ce858/fast"
/usr/bin/make -f CMakeFiles/cmTC_ce858.dir/build.make CMakeFiles/cmTC_ce858.dir/build
make[1]: Entering directory '/local/scylladb/Scylla-original/seastar/build/release/c-ares/CMakeFiles/CMakeTmp'
Building C object CMakeFiles/cmTC_ce858.dir/CheckSymbolExists.c.o
/usr/bin/gcc  -D_GNU_SOURCE -D_POSIX_C_SOURCE=199309L -D_XOPEN_SOURCE=600   -o CMakeFiles/cmTC_ce858.dir/CheckSymbolExists.c.o   -c /local/scylladb/Scylla-original/seastar/build/release/c-ares/CMakeFiles/CMakeTmp/CheckSymbolExists.c
/local/scylladb/Scylla-original/seastar/build/release/c-ares/CMakeFiles/CMakeTmp/CheckSymbolExists.c: In function 'main':
/local/scylladb/Scylla-original/seastar/build/release/c-ares/CMakeFiles/CMakeTmp/CheckSymbolExists.c:27:19: error: 'ioctlsocket' undeclared (first use in this function)
   return ((int*)(&ioctlsocket))[argc];
                   ^
/local/scylladb/Scylla-original/seastar/build/release/c-ares/CMakeFiles/CMakeTmp/CheckSymbolExists.c:27:19: note: each undeclared identifier is reported only once for each function it appears in
CMakeFiles/cmTC_ce858.dir/build.make:65: recipe for target 'CMakeFiles/cmTC_ce858.dir/CheckSymbolExists.c.o' failed
make[1]: *** [CMakeFiles/cmTC_ce858.dir/CheckSymbolExists.c.o] Error 1
make[1]: Leaving directory '/local/scylladb/Scylla-original/seastar/build/release/c-ares/CMakeFiles/CMakeTmp'
Makefile:126: recipe for target 'cmTC_ce858/fast' failed
make: *** [cmTC_ce858/fast] Error 2

File /local/scylladb/Scylla-original/seastar/build/release/c-ares/CMakeFiles/CMakeTmp/CheckSymbolExists.c:
/* */
#include <stdbool.h>
#include <sys/types.h>
#include <arpa/inet.h>
#include <arpa/nameser.h>
#include <netdb.h>
#include <net/if.h>
#include <netinet/in.h>
#include <netinet/tcp.h>
#include <signal.h>
#include <stdlib.h>
#include <string.h>
#include <strings.h>
#include <sys/ioctl.h>
#include <sys/select.h>
#include <sys/socket.h>
#include <sys/time.h>
#include <sys/uio.h>
#include <time.h>
#include <fcntl.h>
#include <unistd.h>

int main(int argc, char** argv)
{
  (void)argv;
#ifndef ioctlsocket
  return ((int*)(&ioctlsocket))[argc];
#else
  (void)argc;
  return 0;
#endif
}

Determining if the IoctlSocket exist failed with the following output:
Change Dir: /local/scylladb/Scylla-original/seastar/build/release/c-ares/CMakeFiles/CMakeTmp

Run Build Command:"/usr/bin/make" "cmTC_c4d4c/fast"
/usr/bin/make -f CMakeFiles/cmTC_c4d4c.dir/build.make CMakeFiles/cmTC_c4d4c.dir/build
make[1]: Entering directory '/local/scylladb/Scylla-original/seastar/build/release/c-ares/CMakeFiles/CMakeTmp'
Building C object CMakeFiles/cmTC_c4d4c.dir/CheckSymbolExists.c.o
/usr/bin/gcc  -D_GNU_SOURCE -D_POSIX_C_SOURCE=199309L -D_XOPEN_SOURCE=600   -o CMakeFiles/cmTC_c4d4c.dir/CheckSymbolExists.c.o   -c /local/scylladb/Scylla-original/seastar/build/release/c-ares/CMakeFiles/CMakeTmp/CheckSymbolExists.c
/local/scylladb/Scylla-original/seastar/build/release/c-ares/CMakeFiles/CMakeTmp/CheckSymbolExists.c: In function 'main':
/local/scylladb/Scylla-original/seastar/build/release/c-ares/CMakeFiles/CMakeTmp/CheckSymbolExists.c:27:19: error: 'IoctlSocket' undeclared (first use in this function)
   return ((int*)(&IoctlSocket))[argc];
                   ^
/local/scylladb/Scylla-original/seastar/build/release/c-ares/CMakeFiles/CMakeTmp/CheckSymbolExists.c:27:19: note: each undeclared identifier is reported only once for each function it appears in
CMakeFiles/cmTC_c4d4c.dir/build.make:65: recipe for target 'CMakeFiles/cmTC_c4d4c.dir/CheckSymbolExists.c.o' failed
make[1]: *** [CMakeFiles/cmTC_c4d4c.dir/CheckSymbolExists.c.o] Error 1
make[1]: Leaving directory '/local/scylladb/Scylla-original/seastar/build/release/c-ares/CMakeFiles/CMakeTmp'
Makefile:126: recipe for target 'cmTC_c4d4c/fast' failed
make: *** [cmTC_c4d4c/fast] Error 2

File /local/scylladb/Scylla-original/seastar/build/release/c-ares/CMakeFiles/CMakeTmp/CheckSymbolExists.c:
/* */
#include <stdbool.h>
#include <sys/types.h>
#include <arpa/inet.h>
#include <arpa/nameser.h>
#include <netdb.h>
#include <net/if.h>
#include <netinet/in.h>
#include <netinet/tcp.h>
#include <signal.h>
#include <stdlib.h>
#include <string.h>
#include <strings.h>
#include <sys/ioctl.h>
#include <sys/select.h>
#include <sys/socket.h>
#include <sys/time.h>
#include <sys/uio.h>
#include <time.h>
#include <fcntl.h>
#include <unistd.h>

int main(int argc, char** argv)
{
  (void)argv;
#ifndef IoctlSocket
  return ((int*)(&IoctlSocket))[argc];
#else
  (void)argc;
  return 0;
#endif
}

Determining if the strcmpi exist failed with the following output:
Change Dir: /local/scylladb/Scylla-original/seastar/build/release/c-ares/CMakeFiles/CMakeTmp

Run Build Command:"/usr/bin/make" "cmTC_f215c/fast"
/usr/bin/make -f CMakeFiles/cmTC_f215c.dir/build.make CMakeFiles/cmTC_f215c.dir/build
make[1]: Entering directory '/local/scylladb/Scylla-original/seastar/build/release/c-ares/CMakeFiles/CMakeTmp'
Building C object CMakeFiles/cmTC_f215c.dir/CheckSymbolExists.c.o
/usr/bin/gcc  -D_GNU_SOURCE -D_POSIX_C_SOURCE=199309L -D_XOPEN_SOURCE=600   -o CMakeFiles/cmTC_f215c.dir/CheckSymbolExists.c.o   -c /local/scylladb/Scylla-original/seastar/build/release/c-ares/CMakeFiles/CMakeTmp/CheckSymbolExists.c
/local/scylladb/Scylla-original/seastar/build/release/c-ares/CMakeFiles/CMakeTmp/CheckSymbolExists.c: In function 'main':
/local/scylladb/Scylla-original/seastar/build/release/c-ares/CMakeFiles/CMakeTmp/CheckSymbolExists.c:27:19: error: 'strcmpi' undeclared (first use in this function)
   return ((int*)(&strcmpi))[argc];
                   ^
/local/scylladb/Scylla-original/seastar/build/release/c-ares/CMakeFiles/CMakeTmp/CheckSymbolExists.c:27:19: note: each undeclared identifier is reported only once for each function it appears in
CMakeFiles/cmTC_f215c.dir/build.make:65: recipe for target 'CMakeFiles/cmTC_f215c.dir/CheckSymbolExists.c.o' failed
make[1]: *** [CMakeFiles/cmTC_f215c.dir/CheckSymbolExists.c.o] Error 1
make[1]: Leaving directory '/local/scylladb/Scylla-original/seastar/build/release/c-ares/CMakeFiles/CMakeTmp'
Makefile:126: recipe for target 'cmTC_f215c/fast' failed
make: *** [cmTC_f215c/fast] Error 2

File /local/scylladb/Scylla-original/seastar/build/release/c-ares/CMakeFiles/CMakeTmp/CheckSymbolExists.c:
/* */
#include <stdbool.h>
#include <sys/types.h>
#include <arpa/inet.h>
#include <arpa/nameser.h>
#include <netdb.h>
#include <net/if.h>
#include <netinet/in.h>
#include <netinet/tcp.h>
#include <signal.h>
#include <stdlib.h>
#include <string.h>
#include <strings.h>
#include <sys/ioctl.h>
#include <sys/select.h>
#include <sys/socket.h>
#include <sys/time.h>
#include <sys/uio.h>
#include <time.h>
#include <fcntl.h>
#include <unistd.h>

int main(int argc, char** argv)
{
  (void)argv;
#ifndef strcmpi
  return ((int*)(&strcmpi))[argc];
#else
  (void)argc;
  return 0;
#endif
}

Determining if the stricmp exist failed with the following output:
Change Dir: /local/scylladb/Scylla-original/seastar/build/release/c-ares/CMakeFiles/CMakeTmp

Run Build Command:"/usr/bin/make" "cmTC_7a682/fast"
/usr/bin/make -f CMakeFiles/cmTC_7a682.dir/build.make CMakeFiles/cmTC_7a682.dir/build
make[1]: Entering directory '/local/scylladb/Scylla-original/seastar/build/release/c-ares/CMakeFiles/CMakeTmp'
Building C object CMakeFiles/cmTC_7a682.dir/CheckSymbolExists.c.o
/usr/bin/gcc  -D_GNU_SOURCE -D_POSIX_C_SOURCE=199309L -D_XOPEN_SOURCE=600   -o CMakeFiles/cmTC_7a682.dir/CheckSymbolExists.c.o   -c /local/scylladb/Scylla-original/seastar/build/release/c-ares/CMakeFiles/CMakeTmp/CheckSymbolExists.c
/local/scylladb/Scylla-original/seastar/build/release/c-ares/CMakeFiles/CMakeTmp/CheckSymbolExists.c: In function 'main':
/local/scylladb/Scylla-original/seastar/build/release/c-ares/CMakeFiles/CMakeTmp/CheckSymbolExists.c:27:19: error: 'stricmp' undeclared (first use in this function)
   return ((int*)(&stricmp))[argc];
                   ^
/local/scylladb/Scylla-original/seastar/build/release/c-ares/CMakeFiles/CMakeTmp/CheckSymbolExists.c:27:19: note: each undeclared identifier is reported only once for each function it appears in
CMakeFiles/cmTC_7a682.dir/build.make:65: recipe for target 'CMakeFiles/cmTC_7a682.dir/CheckSymbolExists.c.o' failed
make[1]: *** [CMakeFiles/cmTC_7a682.dir/CheckSymbolExists.c.o] Error 1
make[1]: Leaving directory '/local/scylladb/Scylla-original/seastar/build/release/c-ares/CMakeFiles/CMakeTmp'
Makefile:126: recipe for target 'cmTC_7a682/fast' failed
make: *** [cmTC_7a682/fast] Error 2

File /local/scylladb/Scylla-original/seastar/build/release/c-ares/CMakeFiles/CMakeTmp/CheckSymbolExists.c:
/* */
#include <stdbool.h>
#include <sys/types.h>
#include <arpa/inet.h>
#include <arpa/nameser.h>
#include <netdb.h>
#include <net/if.h>
#include <netinet/in.h>
#include <netinet/tcp.h>
#include <signal.h>
#include <stdlib.h>
#include <string.h>
#include <strings.h>
#include <sys/ioctl.h>
#include <sys/select.h>
#include <sys/socket.h>
#include <sys/time.h>
#include <sys/uio.h>
#include <time.h>
#include <fcntl.h>
#include <unistd.h>

int main(int argc, char** argv)
{
  (void)argv;
#ifndef stricmp
  return ((int*)(&stricmp))[argc];
#else
  (void)argc;
  return 0;
#endif
}

Determining if the strncmpi exist failed with the following output:
Change Dir: /local/scylladb/Scylla-original/seastar/build/release/c-ares/CMakeFiles/CMakeTmp

Run Build Command:"/usr/bin/make" "cmTC_eaa18/fast"
/usr/bin/make -f CMakeFiles/cmTC_eaa18.dir/build.make CMakeFiles/cmTC_eaa18.dir/build
make[1]: Entering directory '/local/scylladb/Scylla-original/seastar/build/release/c-ares/CMakeFiles/CMakeTmp'
Building C object CMakeFiles/cmTC_eaa18.dir/CheckSymbolExists.c.o
/usr/bin/gcc  -D_GNU_SOURCE -D_POSIX_C_SOURCE=199309L -D_XOPEN_SOURCE=600   -o CMakeFiles/cmTC_eaa18.dir/CheckSymbolExists.c.o   -c /local/scylladb/Scylla-original/seastar/build/release/c-ares/CMakeFiles/CMakeTmp/CheckSymbolExists.c
/local/scylladb/Scylla-original/seastar/build/release/c-ares/CMakeFiles/CMakeTmp/CheckSymbolExists.c: In function 'main':
/local/scylladb/Scylla-original/seastar/build/release/c-ares/CMakeFiles/CMakeTmp/CheckSymbolExists.c:27:19: error: 'strncmpi' undeclared (first use in this function)
   return ((int*)(&strncmpi))[argc];
                   ^
/local/scylladb/Scylla-original/seastar/build/release/c-ares/CMakeFiles/CMakeTmp/CheckSymbolExists.c:27:19: note: each undeclared identifier is reported only once for each function it appears in
CMakeFiles/cmTC_eaa18.dir/build.make:65: recipe for target 'CMakeFiles/cmTC_eaa18.dir/CheckSymbolExists.c.o' failed
make[1]: *** [CMakeFiles/cmTC_eaa18.dir/CheckSymbolExists.c.o] Error 1
make[1]: Leaving directory '/local/scylladb/Scylla-original/seastar/build/release/c-ares/CMakeFiles/CMakeTmp'
Makefile:126: recipe for target 'cmTC_eaa18/fast' failed
make: *** [cmTC_eaa18/fast] Error 2

File /local/scylladb/Scylla-original/seastar/build/release/c-ares/CMakeFiles/CMakeTmp/CheckSymbolExists.c:
/* */
#include <stdbool.h>
#include <sys/types.h>
#include <arpa/inet.h>
#include <arpa/nameser.h>
#include <netdb.h>
#include <net/if.h>
#include <netinet/in.h>
#include <netinet/tcp.h>
#include <signal.h>
#include <stdlib.h>
#include <string.h>
#include <strings.h>
#include <sys/ioctl.h>
#include <sys/select.h>
#include <sys/socket.h>
#include <sys/time.h>
#include <sys/uio.h>
#include <time.h>
#include <fcntl.h>
#include <unistd.h>

int main(int argc, char** argv)
{
  (void)argv;
#ifndef strncmpi
  return ((int*)(&strncmpi))[argc];
#else
  (void)argc;
  return 0;
#endif
}

Determining if the strnicmp exist failed with the following output:
Change Dir: /local/scylladb/Scylla-original/seastar/build/release/c-ares/CMakeFiles/CMakeTmp

Run Build Command:"/usr/bin/make" "cmTC_db785/fast"
/usr/bin/make -f CMakeFiles/cmTC_db785.dir/build.make CMakeFiles/cmTC_db785.dir/build
make[1]: Entering directory '/local/scylladb/Scylla-original/seastar/build/release/c-ares/CMakeFiles/CMakeTmp'
Building C object CMakeFiles/cmTC_db785.dir/CheckSymbolExists.c.o
/usr/bin/gcc  -D_GNU_SOURCE -D_POSIX_C_SOURCE=199309L -D_XOPEN_SOURCE=600   -o CMakeFiles/cmTC_db785.dir/CheckSymbolExists.c.o   -c /local/scylladb/Scylla-original/seastar/build/release/c-ares/CMakeFiles/CMakeTmp/CheckSymbolExists.c
/local/scylladb/Scylla-original/seastar/build/release/c-ares/CMakeFiles/CMakeTmp/CheckSymbolExists.c: In function 'main':
/local/scylladb/Scylla-original/seastar/build/release/c-ares/CMakeFiles/CMakeTmp/CheckSymbolExists.c:27:19: error: 'strnicmp' undeclared (first use in this function)
   return ((int*)(&strnicmp))[argc];
                   ^
/local/scylladb/Scylla-original/seastar/build/release/c-ares/CMakeFiles/CMakeTmp/CheckSymbolExists.c:27:19: note: each undeclared identifier is reported only once for each function it appears in
CMakeFiles/cmTC_db785.dir/build.make:65: recipe for target 'CMakeFiles/cmTC_db785.dir/CheckSymbolExists.c.o' failed
make[1]: *** [CMakeFiles/cmTC_db785.dir/CheckSymbolExists.c.o] Error 1
make[1]: Leaving directory '/local/scylladb/Scylla-original/seastar/build/release/c-ares/CMakeFiles/CMakeTmp'
Makefile:126: recipe for target 'cmTC_db785/fast' failed
make: *** [cmTC_db785/fast] Error 2

File /local/scylladb/Scylla-original/seastar/build/release/c-ares/CMakeFiles/CMakeTmp/CheckSymbolExists.c:
/* */
#include <stdbool.h>
#include <sys/types.h>
#include <arpa/inet.h>
#include <arpa/nameser.h>
#include <netdb.h>
#include <net/if.h>
#include <netinet/in.h>
#include <netinet/tcp.h>
#include <signal.h>
#include <stdlib.h>
#include <string.h>
#include <strings.h>
#include <sys/ioctl.h>
#include <sys/select.h>
#include <sys/socket.h>
#include <sys/time.h>
#include <sys/uio.h>
#include <time.h>
#include <fcntl.h>
#include <unistd.h>

int main(int argc, char** argv)
{
  (void)argv;
#ifndef strnicmp
  return ((int*)(&strnicmp))[argc];
#else
  (void)argc;
  return 0;
#endif
}

